Arguments: 
  /home/scott/.nvm/versions/node/v18.12.0/bin/node /home/scott/.nvm/versions/node/v18.12.0/bin/yarn init

PATH: 
  /home/scott/.local/bin:/home/scott/bin:/home/scott/.local/bin:/home/scott/.nvm/versions/node/v18.12.0/bin:/home/scott/.local/bin:/home/scott/bin:/home/scott/.cargo/bin:/home/scott/.local/bin:/home/scott/.nvm/versions/node/v18.12.0/bin:/usr/local/sbin:/usr/local/bin:/usr/sbin:/usr/bin:/sbin:/bin:/usr/games:/usr/local/games:/snap/bin:/home/scott/.foundry/bin:/home/scott/.huff/bin:/home/scott/.foundry/bin:/home/scott/.huff/bin

Yarn version: 
  1.22.19

Node version: 
  18.12.0

Platform: 
  linux x64

Trace: 
  Error: canceled
      at Interface.<anonymous> (/home/scott/.nvm/versions/node/v18.12.0/lib/node_modules/yarn/lib/cli.js:137150:13)
      at Interface.emit (node:events:513:28)
      at [_ttyWrite] [as _ttyWrite] (node:internal/readline/interface:1124:18)
      at ReadStream.onkeypress (node:internal/readline/interface:273:20)
      at ReadStream.emit (node:events:513:28)
      at emitKeys (node:internal/readline/utils:357:14)
      at emitKeys.next (<anonymous>)
      at ReadStream.onData (node:internal/readline/emitKeypressEvents:64:36)
      at ReadStream.emit (node:events:513:28)
      at addChunk (node:internal/streams/readable:324:12)

npm manifest: 
  No manifest

yarn manifest: 
  No manifest

Lockfile: 
  No lockfile
